Unity Player [version: Unity 5.4.1f1_649f48bbbf0f]

Fishing Moon.exe caused an Access Violation (0xc0000005)
  in module Fishing Moon.exe at 0023:015ea1b6.

Error occurred at 2016-10-14_155550.
C:\Users\Alex\Google Drive\Fishing Moon\App\Fishing Moon.exe, run by Alex.
49% memory in use.
0 MB physical memory [4074 MB free].
0 MB paging file [0 MB free].
0 MB user address space [3689 MB free].
Read from location 000005d4 caused an access violation.

Context:
EDI:    0x00000000  ESI: 0x0434ebb0  EAX:   0x004fd7b0
EBX:    0x0004702d  ECX: 0x00000000  EDX:   0x00000002
EIP:    0x015ea1b6  EBP: 0x004fd79c  SegCs: 0x00000023
EFlags: 0x00210287  ESP: 0x004fd798  SegSs: 0x0000002b

Bytes at CS:EIP:
83 bf d4 05 00 00 00 75 07 32 c0 5f 5d c2 04 00 

Stack:
0x004fd798: 01e21f95 004fd7cc 015d29a9 004fd7b0 ......O..)]...O.
0x004fd7a8: 00000003 0434ebb0 666e6f63 03006769 ......4.config..
0x004fd7b8: 004fd804 75e27539 00000006 0000000f ..O.9u.u........
0x004fd7c8: d1be84c0 004fd7d4 015d1d37 004fd7ec ......O.7.]...O.
0x004fd7d8: 015d1e26 00000002 015d3b70 00000000 &.].....p;].....
0x004fd7e8: 01fa85f0 004fd808 015d3bcf 00000003 ......O..;].....
0x004fd7f8: e6aa2df7 66aa2df7 0004702d 00000000 .-...-.f-p......
0x004fd808: 004fd83c 015d0db5 0434ebb0 00000003 <.O...]...4.....
0x004fd818: e6aa2df7 66aa2df7 0004702d 00000000 .-...-.f-p......
0x004fd828: 00000003 0434eb58 00000000 01fa85f0 ....X.4.........
0x004fd838: 00000000 004fd8a4 015d1984 00000003 ......O...].....
0x004fd848: e6aa2df7 66aa2df7 0004702d 00000000 .-...-.f-p......
0x004fd858: 01fa88f4 00000000 01fa88f4 00000000 ................
0x004fd868: 00000000 11466adc 03ce4fc0 03ceee30 .....jF..O..0...
0x004fd878: 004fd888 01c15ff7 03ce4fc0 03d1c8d0 ..O.._...O......
0x004fd888: 004fd8ac 01448883 042543e8 004fd8a8 ..O...D..C%...O.
0x004fd898: 00000000 c5688e51 00000000 004fd8b0 ....Q.h.......O.
0x004fd8a8: 015d19a7 00000003 004fd8cc 0100f161 ..].......O.a...
0x004fd8b8: 0434eb58 00000000 00000000 03ce4fc0 X.4..........O..
0x004fd8c8: 00000000 004fd8ec 011f9ccf 00000000 ......O.........
0x004fd8d8: 00000006 00000000 fffffffe 004fd91c ..............O.
0x004fd8e8: 00000086 004fd91c 012911d4 00000000 ......O...).....
0x004fd8f8: 00000001 00000000 00200001 01290fd0 .......... ...).
0x004fd908: 00000000 0000001c 00000001 00001338 ............8...
0x004fd918: 00000000 004fd948 75e3d273 00070d38 ....H.O.s..u8...
0x004fd928: 00000006 00200001 00000000 00200001 ...... ....... .
0x004fd938: dcbaabcd 01290fd0 00000000 00200001 ......)....... .
0x004fd948: 004fda30 75e1e84a 01290fd0 00070d38 0.O.J..u..).8...
0x004fd958: 00000006 00200001 00000000 d1be86f4 ...... .........
0x004fd968: 00000000 00000000 00000006 00020000 ................
0x004fd978: 00000000 00000000 74b0f11a 0ecdd750 ...........tP...
0x004fd988: 0ecdd754 00000000 00000000 6368405e T...........^@hc
0x004fd998: 004fd9c8 7580dfac 0eebc088 004feef8 ..O....u......O.
0x004fd9a8: 74b0f104 74ae3b78 00000024 00000001 ...tx;.t$.......
0x004fd9b8: 00000000 00000000 00000030 ffffffff ........0.......
0x004fd9c8: ffffffff 75e1e6dc 00000000 00000000 .......u........
0x004fd9d8: 00000000 00000000 00000000 00000000 ................
0x004fd9e8: 01290fd0 00000000 00d209f8 00000000 ..).............
0x004fd9f8: 80000011 00000000 00000000 80000011 ................
0x004fda08: 00000000 00000001 00070d38 d1be86f4 ........8.......
0x004fda18: 004fda5c 004fd1c8 004fda80 75e41570 \.O...O...O.p..u
0x004fda28: a41a13b4 00000000 004fda90 75e1e480 ..........O....u
0x004fda38: 01290fd0 00000000 00000006 00200001 ..)........... .
0x004fda48: 00000000 002ff000 00000001 d1be8654 ....../.....T...
0x004fda58: 004fdbf4 77b21af0 00000000 00000000 ..O....w........
0x004fda68: 00000000 00000000 00070d38 00000000 ........8.......
0x004fda78: 004fda54 004fd1c8 004fdae0 75e41570 T.O...O...O.p..u
0x004fda88: a41a1394 fffffffe 004fdad0 75e28ad9 ..........O....u
0x004fda98: 021e4790 00000000 00000006 00200001 .G............ .
0x004fdaa8: 00000000 01290fd0 00000400 00000000 ......).........
0x004fdab8: 00000000 00000000 002fe000 00000000 ........../.....
0x004fdac8: 00000000 d1be8614 004fdb3c 77b0fef6 ........<.O....w
0x004fdad8: 004fdaec 00000020 004fdbbc 77b0fe40 ..O. .....O.@..w
0x004fdae8: 004fdb10 021e4790 00000000 00000006 ..O..G..........
0x004fdaf8: 00200001 00000000 01290fd0 77b21af0 .. .......)....w
0x004fdb08: 000014cc 748a249c 75e26aa7 004fdbf4 .....$.t.j.u..O.
0x004fdb18: 0073071a 00000400 00007fff 00000003 ..s.............
0x004fdb28: 004fde98 002ff000 004fde98 007cf358 ..O.../...O.X.|.
0x004fdb38: 00000000 004fdb74 75e26a3d 00000400 ....t.O.=j.u....
0x004fdb48: 00007fff 00000003 00000000 004fde98 ..............O.
0x004fdb58: 004fdbf4 004fde98 007a2808 007cf2a0 ..O...O..(z...|.
0x004fdb68: 00000000 002ff000 00000000 004fdbcc ....../.......O.
0x004fdb78: 74ba08e6 004fdbf4 0073071a 00000400 ...t..O...s.....
0x004fdb88: 00007fff 00000003 4c3a5526 004fde98 ........&U:L..O.
0x004fdb98: 00000000 00000002 77bad4d0 004fdbc0 ...........w..O.
0x004fdba8: 77adac65 004fde98 00000000 004fdb90 e..w..O.......O.
0x004fdbb8: 00000000 004fe4b0 74beff60 38be882a ......O.`..t*..8
0x004fdbc8: 00000000 004fdc10 74ba0b8f 004fdbf4 ......O....t..O.
0x004fdbd8: 0073071a 00000400 00007fff 00000003 ..s.............
0x004fdbe8: 036e1176 004fde98 747ed650 54222af0 v.n...O.P.~t.*"T
0x004fdbf8: 748a24ac 75e285c6 00005dff 75e285d0 .$.t...u.].....u
0x004fdc08: d1be80c8 00000440 004fdc34 74ba10a5 ....@...4.O....t
0x004fdc18: 007d2020 0c6fd730 004fde98 0c6fd730   }.0.o...O.0.o.
0x004fdc28: 036e1176 ffffffff 4c3a52de 004fdcf4 v.n......R:L..O.
0x004fdc38: 74b8e641 004fdc80 00000002 004fdc78 A..t..O.....x.O.
0x004fdc48: 007d2020 006eb8d8 0ee71690 77ae7951   }...n.....Qy.w
0x004fdc58: 006e0000 007d2020 00000002 0ebf7e24 ..n.  }.....$~..
0x004fdc68: 00000000 004fdfc4 00000000 0c6fd730 ......O.....0.o.
0x004fdc78: ffffffff 004fde98 00000754 000007dc ......O.T.......
0x004fdc88: 77ae787d 00000000 00000000 00000000 }x.w............
0x004fdc98: 00000000 ffffff00 00000000 00000000 ................
0x004fdca8: 00000000 00000000 006e0000 00000000 ..........n.....
0x004fdcb8: 0ec60258 74b4e6b7 4c3a522e 004fdcd0 X......t.R:L..O.
0x004fdcc8: 74bef5d3 0ec60258 004fdce8 74b6d8e1 ...tX.....O....t
0x004fdcd8: 0ec60258 00000136 00000000 000000c0 X...6...........
0x004fdce8: 46000000 4c3a52be 00000001 004fde08 ...F.R:L......O.
0x004fdcf8: 74b9fbe6 0ebf7e24 74b9fa40 004fdfc4 ...t$~..@..t..O.
0x004fdd08: 007d2020 74b6b1ce 004fdf9c 00000000   }....t..O.....
0x004fdd18: 004fdfc4 00000000 004fdfc4 0c704cb0 ..O.......O..Lp.
0x004fdd28: 00000000 00000000 036e1176 00000000 ........v.n.....
0x004fdd38: 00000000 ffffffff ffffffff 00000000 ................
0x004fdd48: 00000000 00000000 00000000 00000000 ................
0x004fdd58: 00000000 00000000 00000136 00000000 ........6.......
0x004fdd68: 000000c0 46000000 4c3a5366 004fdd10 .......FfS:L..O.
0x004fdd78: 004fdd9c 004fe4b0 74beff60 38be8a2a ..O...O.`..t*..8
0x004fdd88: 00000000 74b6a090 74b6a0c2 004fe820 .......t...t .O.
0x004fdd98: 0c704cb0 004fdf64 4c3a534e 004fdeac .Lp.d.O.NS:L..O.
0x004fdda8: 74b7741e 004fe820 00000000 74b78f90 .t.t .O........t
0x004fddb8: 74b7734a 00000ff8 004fe820 004fdf64 Js.t.... .O.d.O.
0x004fddc8: 00000000 00000000 00000003 0c704cb0 .............Lp.
0x004fddd8: 004fddf4 004fe9f4 00000003 00000000 ..O...O.........
0x004fdde8: 00000f28 745e1046 118fa2c2 004fde2c (...F.^t....,.O.
0x004fddf8: 745e0fe0 745e0fc7 118fa11a 4c3a53e6 ..^t..^t.....S:L
0x004fde08: 004fdf78 74b9f4cf 004fdfc4 004fdf9c x.O....t..O...O.
0x004fde18: 007d2020 004fe0b0 004fdfc4 65a75526   }...O...O.&U.e
0x004fde28: 00000000 004fdfc4 004fdf9c 00000000 ......O...O.....
0x004fde38: 006eb8d8 00000000 000000c0 46000000 ..n............F
0x004fde48: 574f454d 00000004 000001a2 00000000 MEOW............
0x004fde58: 000000c0 46000000 00000338 00000000 .......F8.......
0x004fde68: 000000c0 46000000 00000000 00000f28 .......F....(...
0x004fde78: 00000010 74b0f654 74b687a0 74b6890c ....T..t...t...t
0x004fde88: 4c3a5066 004fdebc 74b6928e 74b0f654 fP:L..O....tT..t
0x004fde98: 74ae4b7c 0c704bc0 00000000 00000000 |K.t.Kp.........
0x004fdea8: 00000000 00000000 80010115 0c704ca8 .............Lp.
0x004fdeb8: 00000000 00000000 00000000 00000000 ................
0x004fdec8: 00000000 00000000 00005dff 9eebba2a .........]..*...
0x004fded8: 43ab192c c32d0b81 17244aad 00000000 ,..C..-..J$.....
0x004fdee8: 00000000 77ae77f0 036e1176 00000000 .....w.wv.n.....
0x004fdef8: 00000000 00000000 00000000 0ee6f318 ................
0x004fdf08: 00000000 00000000 00000000 00000000 ................
0x004fdf18: 00000000 004fdf28 74bef5d3 0c704cb0 ....(.O....t.Lp.
0x004fdf28: 004fdf78 74bd49ad 0c704cb0 0000001c x.O..I.t.Lp.....
0x004fdf38: 004fe0b0 74bd4810 74bd499f 00000f58 ..O..H.t.I.tX...
0x004fdf48: 00000000 007aa6dc 007aa6d8 00000f80 ......z...z.....
0x004fdf58: 00000000 004fdf64 004fe9f4 000001a2 ....d.O...O.....
0x004fdf68: 00000000 000000c0 46000000 4c3a50ce ...........F.P:L
0x004fdf78: 004fdfa4 74b03015 004fdfc4 004fdf9c ..O..0.t..O...O.
0x004fdf88: 004fe9f4 004fe1f0 74b02f40 007d2020 ..O...O.@/.t  }.
0x004fdf98: 004fdfc4 00000000 4c3a514e 004fe4c0 ..O.....NQ:L..O.
0x004fdfa8: 757d5a9a 0eb6b224 004fe0b0 63687d06 .Z}u$.....O..}hc
0x004fdfb8: 00000000 004fe4f8 004fe96c 007d2020 ......O.l.O.  }.
0x004fdfc8: 00000010 00000000 00000f68 00008004 ........h.......
0x004fdfd8: 00000000 0c758c80 004fe014 77ae7951 ......u...O.Qy.w
0x004fdfe8: 006e0000 00000000 004fe9f4 74b2f66a ..n.......O.j..t
0x004fdff8: 00000000 00301000 004fe09c 0eb6afb0 ......0...O.....
0x004fe008: 000e0027 0000000e 0eda76c8 004fe03c '........v..<.O.
0x004fe018: 77ae787d 747b89e0 004fe164 0eb6b3d0 }x.w..{td.O.....
0x004fe028: 00000000 004fe0b0 004fe0b0 75d62d76 ......O...O.v-.u
0x004fe038: 74b2f66a 004fe084 747b89c7 00000000 j..t..O...{t....
0x004fe048: 00301000 747b89e0 20e8feec 004fe0b0 ..0...{t... ..O.
0x004fe058: 00000000 004fe0b0 004fe9f4 00000000 ......O...O.....
0x004fe068: 006f09e0 004fe050 00000018 004ff394 ..o.P.O.......O.
0x004fe078: 00000000 74aeafc8 00120818 00000018 .......t........
0x004fe088: 00000004 00000000 006f09e0 0eeb8508 ..........o.....
0x004fe098: 00120000 00120000 00000004 004fe9f4 ..............O.
0x004fe0a8: 00000000 000fff01 004fdfc4 007ab638 ..........O.8.z.
0x004fe0b8: 00000000 00000000 00000000 00000f90 ................
0x004fe0c8: 00000000 00000000 00000001 00000000 ................
0x004fe0d8: 00000000 00000000 00000000 00000000 ................
0x004fe0e8: 0001000c 00000000 00000000 00000000 ................
0x004fe0f8: 74bf0540 74bf0530 004fe4f8 00000000 @..t0..t..O.....
0x004fe108: 00000000 00000000 74aebc00 00000000 ...........t....
0x004fe118: 00000000 00000000 00000140 00000000 ........@.......
0x004fe128: 00000000 00000000 00000000 0ece8438 ............8...
0x004fe138: 00000000 00000000 00000000 00000000 ................
0x004fe148: 00000000 00000003 004fcf70 00000000 ........p.O.....
0x004fe158: 00000000 00000000 00000000 00000000 ................
0x004fe168: 00000000 00000000 00000000 004fe1f0 ..............O.
0x004fe178: 00000000 00000000 00000000 00000000 ................
0x004fe188: 00000000 757f2d4c 0c75c21c 0c75c198 ....L-.u..u...u.
0x004fe198: 006f0a1c 00000060 00000001 00000000 ..o.`...........
0x004fe1a8: 74b2dbd2 0c704d50 757f2bad 004fe9f4 ...tPMp..+.u..O.
0x004fe1b8: 00000000 00000000 00000000 74b13c44 ............D<.t
0x004fe1c8: 00000000 004fe1f0 00000000 00000000 ......O.........
0x004fe1d8: 0eb6b224 0eb6dc60 74b13c44 004fe0b0 $...`...D<.t..O.
0x004fe1e8: 00000004 74b2f66a 8a885d04 0000006c ....j..t.]..l...
0x004fe1f8: 74b13c36 74b13c2c 00000004 74b13c44 6<.t,<.t....D<.t
0x004fe208: 004fe4f8 00000c33 00000000 74b13c36 ..O.3.......6<.t
0x004fe218: 74b2dbd2 00000022 00000000 00000000 ...t"...........
0x004fe228: 00000000 00000001 00000014 00000000 ................
0x004fe238: 00000000 00000000 00000000 757eb520 ............ .~u
0x004fe248: 00000000 00000000 00000000 00000000 ................
0x004fe258: 7580f2b0 7580f3a0 00000000 00000000 ...u...u........
0x004fe268: 00000000 00000000 00000000 00000000 ................
0x004fe278: 00000000 00000000 00000000 004fe298 ..............O.
0x004fe288: 004fe288 004fe288 000001f8 00000000 ..O...O.........
0x004fe298: 00000011 00000001 0c75c21c 0c75c198 ..........u...u.
0x004fe2a8: 00000000 004fe2cc 757fbc32 0c75c21c ......O.2..u..u.
0x004fe2b8: 0c75c198 0000000a 00000000 00000000 ..u.............
0x004fe2c8: 00000000 004fe35c 757f1418 74b10718 ....\.O....u...t
0x004fe2d8: 00000006 0000000a 00000000 00000000 ................
0x004fe2e8: 00000000 00000000 00000003 00000000 ................
0x004fe2f8: 00000001 00000001 00000000 00000000 ................
0x004fe308: 00000000 00000000 00000001 00000000 ................
0x004fe318: 00000000 00000000 757f1431 004ff394 ........1..u..O.
0x004fe328: 00000000 77ae67b7 b55b5fd4 00000c78 .....g.w._[.x...
0x004fe338: 006e0000 00000c6e 00000001 00000000 ..n.n...........
0x004fe348: 02000002 00000000 a508a805 00000006 ................
0x004fe358: 63687a9a 004fe430 02000002 0c75c198 .zhc0.O.......u.
0x004fe368: a508a805 00000000 74b5d691 ffff598a ...........t.Y..
0x004fe378: 006e4396 74b5d237 74b0f6cc 0ece85b8 .Cn.7..t...t....
0x004fe388: 74b5d24a 0ebf7d64 b60000b6 ffffffad J..td}..........
0x004fe398: 0eb27d10 0ef0b020 4c3a6afa 00000000 .}.. ....j:L....
0x004fe3a8: 00000000 0000018d 56000254 00000006 ........T..V....
0x004fe3b8: 0000000a 0000001f 006e0000 00000001 ..........n.....
0x004fe3c8: 006e50b0 00000000 00000000 000007ff .Pn.............
0x004fe3d8: 00000201 006e00c0 006e50dc 00000000 ......n..Pn.....
0x004fe3e8: 00000000 00000004 00000c78 004fe424 ........x...$.O.
0x004fe3f8: 00000036 00000000 00000181 00000000 6...............
0x004fe408: 01000100 00000001 00000201 0ecdd4e8 ................
0x004fe418: 00000001 00000000 00000000 0ef0b018 ................
0x004fe428: 0ef0b018 00180002 0ef0b020 0ef0b020 ........ ... ...
0x004fe438: fffffffe 00000012 00bf7de4 00000001 .........}......
0x004fe448: 00000072 0000003b 00000000 00007d60 r...;.......`}..
0x004fe458: 006e00c0 00000000 00000072 006e0260 ..n.....r...`.n.
0x004fe468: 4c3a6a86 00000001 004ff394 77b15de0 .j:L......O..].w
0x004fe478: c2adc25c fffffffe 004fe4c0 77ae5005 \.........O..P.w
0x004fe488: 00000c6e 00000c78 006e55d8 00000000 n...x....Un.....
0x004fe498: 74b0ed58 004fe820 004fe4c4 63687d06 X..t .O...O..}hc
0x004fe4a8: 004fdfb4 00000000 004ff394 75814aa0 ..O.......O..J.u
0x004fe4b8: 16a039e6 00000001 004fe4e0 74b03a90 .9........O..:.t
0x004fe4c8: 74aebc00 74b13c2c 004fe4f8 74aef004 ...t,<.t..O....t
0x004fe4d8: 004fe9f4 00000014 004fe4f0 74bf272f ..O.......O./'.t
0x004fe4e8: 004fe4f8 00000004 004fe560 74b62929 ..O.....`.O.)).t
0x004fe4f8: 0eb6b224 00000000 004fe9f4 004fe554 $.........O.T.O.
0x004fe508: 004fe9f4 74ae3574 00000000 00000014 ..O.t5.t........
0x004fe518: 00000000 00000000 004fe9fc 004fed30 ..........O.0.O.
0x004fe528: 004feee4 004fef00 00000000 00000000 ..O...O.........
0x004fe538: 000025f4 0c761670 c705c320 0000018e .%..p.v. .......
0x004fe548: 0ef0b020 00000637 00000000 00000000  ...7...........
0x004fe558: 00000000 4c3a6bfe 004fe7c0 74b65966 .....k:L..O.fY.t
0x004fe568: 004fe9f4 004ff090 00000000 00000000 ..O...O.........
0x004fe578: 00000000 00000000 00000000 00000000 ................
0x004fe588: 00000000 00000000 00000000 00000000 ................
0x004fe598: 00000000 00000000 00000000 00000000 ................
0x004fe5a8: 00000000 00000000 00000000 00000000 ................
0x004fe5b8: 00000000 00000000 00000000 00000000 ................
0x004fe5c8: 00000000 00000000 00000000 00000000 ................
0x004fe5d8: 00000000 00000000 00000000 00000000 ................
0x004fe5e8: 00000000 00000000 00000000 00000000 ................
0x004fe5f8: 00000000 00000000 00000000 00000000 ................
0x004fe608: 00000000 00000000 00000000 00000000 ................
0x004fe618: 00000000 00000000 00000000 00000000 ................
0x004fe628: 00000000 00000000 00000000 00000000 ................
0x004fe638: 00000000 00000000 00000000 00000000 ................
0x004fe648: 00000000 00000000 00000000 00000000 ................
0x004fe658: 00000000 00000000 00000000 00000000 ................
0x004fe668: 00000000 00000000 00000000 00000000 ................
0x004fe678: 00000000 00000000 00000000 00000000 ................
0x004fe688: 00000000 00000000 00000000 00000000 ................
0x004fe698: 00000000 00000000 00000000 00000000 ................
0x004fe6a8: 00000000 00000000 00000000 00000000 ................
0x004fe6b8: 00000000 00000000 00000000 00000000 ................
0x004fe6c8: 00000000 00000000 00000000 00000000 ................
0x004fe6d8: 00000000 00000000 00000000 00000000 ................
0x004fe6e8: 00000000 00000000 00000000 00000000 ................
0x004fe6f8: 00000000 00000000 00000000 00000000 ................
0x004fe708: 00000000 00000000 00000000 00000000 ................
0x004fe718: 00000000 00000000 00000000 00000000 ................
0x004fe728: 00000000 00000000 00000000 00000000 ................
0x004fe738: 00000000 00000000 00000000 00000000 ................
0x004fe748: 00000000 00000000 00000000 00000000 ................
0x004fe758: 00000000 00000000 00000000 00000000 ................
0x004fe768: 00000000 00000000 00000000 00000000 ................
0x004fe778: 00000000 00000000 00000000 00000000 ................
0x004fe788: 00000000 00000000 00000000 74b658a1 .............X.t
0x004fe798: 004fe9f4 74b65810 00000000 00000000 ..O..X.t........
0x004fe7a8: 00000000 004fe820 00000000 00000000 .... .O.........
0x004fe7b8: 74b65a00 4c3a692a 004fe80c 74b69872 .Z.t*i:L..O.r..t
0x004fe7c8: 74cb7258 00000000 004fe9f4 004ff090 Xr.t......O...O.
0x004fe7d8: 00000000 00000014 00000001 004fe80c ..............O.
0x004fe7e8: 74b684e0 004fed8c 004ff090 004fea04 ...t..O...O...O.
0x004fe7f8: 00000014 00000000 74b684fa 4c3a66e6 ...........t.f:L
0x004fe808: 4c3a66e6 004ff168 74bac130 004fe9f4 .f:Lh.O.0..t..O.
0x004fe818: 00000000 004ff090 74ae3510 74ae3554 ......O..5.tT5.t
0x004fe828: 74ae3564 00000003 00000338 00000000 d5.t....8.......
0x004fe838: 000000c0 46000000 00000000 00000000 .......F........
0x004fe848: 00000001 00000f20 000000c0 00000000 .... ...........
0x004fe858: 00000000 00000006 00000000 00000000 ................
0x004fe868: 00000000 00000000 004fe8f8 004fe9b8 ..........O...O.
0x004fe878: 00000000 00000000 00000000 00000000 ................
0x004fe888: 00000000 00000000 00000000 00000000 ................
0x004fe898: 00000000 00000000 00000000 00000000 ................
0x004fe8a8: 00000000 00000000 00000f28 00000000 ........(.......
0x004fe8b8: 00000001 00000000 004fea10 004fef04 ..........O...O.
0x004fe8c8: 004fed90 004fee74 004fed64 004fed34 ..O.t.O.d.O.4.O.
0x004fe8d8: 004feee8 00000000 00000000 00000000 ..O.............
0x004fe8e8: 00000000 00000000 00000000 00000006 ................
0x004fe8f8: 000001b9 00000000 000000c0 46000000 ...............F
0x004fe908: 000001ab 00000000 000000c0 46000000 ...............F
0x004fe918: 000001a5 00000000 000000c0 46000000 ...............F
0x004fe928: 000001a4 00000000 000000c0 46000000 ...............F
0x004fe938: 000001a6 00000000 000000c0 46000000 ...............F
0x004fe948: 000001aa 00000000 000000c0 46000000 ...............F
0x004fe958: 74ba518c 00000000 00000000 74cb8a5d .Q.t........]..t
0x004fe968: 74cb8a5c 74cb61a0 00000004 00000000 \..t.a.t........
0x004fe978: 00000000 00000000 00000000 00000000 ................
0x004fe988: 00000000 00000000 00000000 00000000 ................
0x004fe998: 00000000 00000000 00000000 00000000 ................
0x004fe9a8: 00000000 00000000 00000000 00000000 ................
0x004fe9b8: 00000068 00000058 00000090 00000020 h...X....... ...
0x004fe9c8: 00000020 00000cd0 00000000 00000000  ...............
0x004fe9d8: 00000000 00000000 00000000 00000000 ................
0x004fe9e8: 000000c0 00000000 00000000 74ae3574 ............t5.t
0x004fe9f8: 74ae35bc 74ae35d4 00000002 00000000 .5.t.5.t........
0x004fea08: 00000000 00000014 00000001 00000000 ................
0x004fea18: 00000000 00000000 00000000 0c75f198 ..............u.
0x004fea28: 00000000 004fed8c 00000000 004fee70 ......O.....p.O.
0x004fea38: 004fed60 00000000 004fef00 00000000 `.O.......O.....
0x004fea48: 00000000 00000000 74ae35f4 74ae3634 .........5.t46.t
0x004fea58: 74ae3644 00000001 00000339 00000000 D6.t....9.......
0x004fea68: 000000c0 46000000 00000000 00000000 .......F........
0x004fea78: 00000001 00000000 00000000 00000000 ................
0x004fea88: 00000004 00000000 00000000 00000000 ................
0x004fea98: 00000000 00000000 00000000 00000000 ................
0x004feaa8: 00000000 00000000 00000000 00000000 ................
0x004feab8: 00000000 00000000 00000000 00000000 ................
0x004feac8: 00000000 00000000 00000000 00000000 ................
0x004fead8: 00000000 00000000 00000000 00000000 ................
0x004feae8: 00000000 00000001 00120818 00000000 ................
0x004feaf8: 00000000 00000000 00000000 00000000 ................
0x004feb08: 00000000 00000000 00000000 00000000 ................
0x004feb18: 00000000 00000000 00000000 00000000 ................
0x004feb28: 001201d0 00000014 00122368 00380036 ........h#..6.8.
0x004feb38: 004feb70 77ae4f7c 00000024 00000000 p.O.|O.w$.......
0x004feb48: 007836a8 77ae4e70 00000014 00000030 .6x.pN.w....0...
0x004feb58: 00000000 00000000 00000006 00000002 ................
0x004feb68: 00000000 0ec60318 004feb84 77ae4ea2 ..........O..N.w
0x004feb78: 00000000 00000000 0ec60318 007836a8 .............6x.
0x004feb88: 74bfc830 004febc4 74ba4f60 007836a8 0..t..O.`O.t.6x.
0x004feb98: 00000014 004febe8 74ba4f6f 004febe0 ......O.oO.t..O.
0x004feba8: 00000000 004febe4 00000014 0000000e ......O.........
0x004febb8: 00000000 8bc3f05e 4c3a652e 004fec20 ....^....e:L .O.
0x004febc8: 74ba4b91 004febe8 00000014 004fed30 .K.t..O.....0.O.
0x004febd8: 0c75f198 004feccc 6b637453 00000014 ..u...O.Stck....
0x004febe8: 8bc3f05e 11d0d86b c00075a0 2088b64f ^...k....u..O.. 
0x004febf8: 00000000 fffffffe 74ba570d 74ba4b20 .........W.t K.t
0x004fec08: 004ff154 00000000 74ba4bb8 007836a8 T.O......K.t.6x.
0x004fec18: 8bc3f05e 00000000 004fefc4 74ae3654 ^.........O.T6.t
0x004fec28: 74ae367c 00000000 74ae368c 00000000 |6.t.....6.t....
0x004fec38: 00000000 00000000 00000000 00000000 ................
0x004fec48: 00000000 00000000 00000000 2088b64f ............O.. 
0x004fec58: 00000000 fffffffe 74ba570d 74ba5cbc .........W.t.\.t
0x004fec68: 74ba86b0 00000014 74ba6344 004fed10 ...t....Dc.t..O.
0x004fec78: 004fecd0 00000040 77ae175c 00000000 ..O.@...\..w....
0x004fec88: 00000000 004fedcc 77ae16a0 00000000 ......O....w....
0x004fec98: 00000000 00000000 00000000 00000000 ................
0x004feca8: 001a1720 000007a0 00000000 00000018  ...............
0x004fecb8: 00000003 00000000 00000002 00000000 ................
0x004fecc8: 00000002 00000000 74cb8608 00000000 ...........t....
0x004fecd8: 00000000 00000000 00000000 004f0000 ..............O.
0x004fece8: 77ae0000 00000003 00000000 004ff0ac ...w..........O.
0x004fecf8: 00000000 00000000 00000000 00000000 ................
0x004fed08: 74ae36b0 74ae36d8 00000000 00000000 .6.t.6.t........
0x004fed18: 00000000 00000000 00000000 004fec48 ............H.O.
0x004fed28: 00000000 74ae36fc 74ae3758 74ae376c .....6.tX7.tl7.t
0x004fed38: 004fe824 00000000 00000001 00000000 $.O.............
0x004fed48: 00000000 00000000 00000000 00000000 ................
0x004fed58: 00000000 00000000 74ae3790 74ae37c4 .........7.t.7.t
0x004fed68: 004fe824 00000000 00000001 00000000 $.O.............
0x004fed78: 00000000 00000000 00000000 00000000 ................
0x004fed88: 00000000 74ae37e8 74ae37f8 004fe824 .....7.t.7.t$.O.
0x004fed98: 00000000 00000001 8bc3f05e 11d0d86b ........^...k...
0x004feda8: c00075a0 2088b64f 00000014 00000000 .u..O.. ........
0x004fedb8: 00000000 00000001 00000000 004fedd0 ..............O.
0x004fedc8: 00000058 00070005 f309ad18 11d0d86a X...........j...
0x004fedd8: c00075a0 2088b64f 00000000 00000000 .u..O.. ........
0x004fede8: b55b5548 00000000 75a50000 00000001 HU[........u....
0x004fedf8: 74ae000c 75a50100 00000000 004fede8 ...t...u......O.
0x004fee08: 00000000 004ff170 77b15de0 c2adcccc ....p.O..].w....
0x004fee18: fffffffe 004fee60 77ade3a5 00000001 ....`.O....w....
0x004fee28: 75a50000 00000000 00000000 004fee54 ...u........T.O.
0x004fee38: 006eb548 00000000 00000000 006ed458 H.n.........X.n.
0x004fee48: 77adfc7a 004fee98 75a50000 75a50100 z..w..O....u...u
0x004fee58: 00000000 00002963 004feef4 77b21479 ....c)....O.y..w
0x004fee68: 00000009 004fef50 74ae381c 74ae384c ....P.O..8.tL8.t
0x004fee78: 004fe824 00000000 00000001 74ae3870 $.O.........p8.t
0x004fee88: 00000000 00000000 00000000 00000000 ................
0x004fee98: 007dbcd8 00000000 00000000 00000000 ..}.............
0x004feea8: 00000000 00000000 00702770 00000000 ........p'p.....
0x004feeb8: 00000000 74ae3880 74ae38b4 00000000 .....8.t.8.t....
0x004feec8: 00000000 00000000 00000000 00000000 ................
0x004feed8: 00000000 00000000 00000000 74ae38d8 .............8.t
0x004feee8: 74ae3900 004fe824 00000000 00000001 .9.t$.O.........
0x004feef8: 004fe538 00000000 74ae3924 74ae3990 8.O.....$9.t.9.t
0x004fef08: 004fe824 00000000 00000001 77ade8da $.O............w
0x004fef18: 00000001 00000000 00000000 00000000 ................
0x004fef28: 00000002 00000000 00000000 00000000 ................
0x004fef38: 00000000 00000000 00000014 00000002 ................
0x004fef48: 00000000 00000000 00000000 00000000 ................
0x004fef58: 00000000 00000000 00000000 00000000 ................
0x004fef68: 00000000 00000000 74ae39b4 74ae39d0 .........9.t.9.t
0x004fef78: 00000000 00000000 00000000 00000000 ................
0x004fef88: 00000000 c00075a0 74ae39f4 74ae3a08 .....u...9.t.:.t
0x004fef98: 00000000 00000000 00000000 8bc3f05e ............^...
0x004fefa8: 00000000 00000000 74ae3a2c 74ae3a48 ........,:.tH:.t
0x004fefb8: 00000000 00000000 00000000 74ba99dc ...............t
0x004fefc8: 00000000 00000000 00000000 00000000 ................
0x004fefd8: 00000000 74babf3c 00000014 006eb8d8 ....<..t......n.
0x004fefe8: 00000000 04d0ee38 0dd2ae60 00b10000 ....8...`.......
0x004feff8: 77ae69db 0dd72408 6af86903 00000000 .i.w.$...i.j....
0x004ff008: b55b4a0c 000000b8 00b10000 000000b0 .J[.............
0x004ff018: 00000000 77ae67b7 b55b4a24 004ff144 .....g.w$J[.D.O.
0x004ff028: 41e90f3e 463356c1 8b6ec381 70dd8bac >..A.V3F..n....p
0x004ff038: 74b0fb1c 00000008 00000000 00000014 ...t............
0x004ff048: 00000000 00000000 004ff0b4 00000000 ..........O.....
0x004ff058: 004ff328 00000001 00000020 00000000 (.O..... .......
0x004ff068: 00000000 00000000 00000001 004ff1f8 ..............O.
0x004ff078: 00000000 00000000 00000000 00000000 ................
0x004ff088: 00000000 00000000 00000000 00000000 ................
0x004ff098: 00000000 00000000 80004005 80004002 .........@...@..
0x004ff0a8: 004ff268 00000000 00000000 00000000 h.O.............
0x004ff0b8: 00ae3900 00000000 004fe820 74b68490 .9...... .O....t
0x004ff0c8: 00000000 00000000 00000000 00000000 ................
0x004ff0d8: 00000000 00000000 f309ad18 11d0d86a ............j...
0x004ff0e8: c00075a0 2088b64f 00000000 00000000 .u..O.. ........
0x004ff0f8: 00000000 00000000 00000001 00000000 ................
0x004ff108: 004ff0d0 004ff0d8 004ff0e0 00000000 ..O...O...O.....
0x004ff118: 00000000 00000000 00000000 00000000 ................
0x004ff128: 00000000 00000000 00000000 00000000 ................
0x004ff138: 00000000 00000000 00000000 8bc3f05e ............^...
0x004ff148: 11d0d86b c00075a0 2088b64f 8bc3f05e k....u..O.. ^...
0x004ff158: 11d0d86b c00075a0 2088b64f 4c3a7f82 k....u..O.. ..:L
0x004ff168: 004ff21c 74bab532 00000014 00000000 ..O.2..t........
0x004ff178: 00000001 00000000 004ff268 00000000 ........h.O.....
0x004ff188: 00000000 00000000 00000000 00000000 ................
0x004ff198: 006eb8d8 696711e8 00000000 00000000 ..n...gi........
0x004ff1a8: 00000000 004ff268 00000000 00000000 ....h.O.........
0x004ff1b8: 00000000 00000000 00000000 0eb6d3f8 ................
0x004ff1c8: 00000009 696732e8 00120000 00120000 .....2gi........
0x004ff1d8: 0c759a10 00000009 0c759a2c 00003fff ..u.....,.u..?..
0x004ff1e8: 00123344 00000003 001201c0 0000000e D3..............
0x004ff1f8: 00123340 004ff240 004ff238 77ae4f7c @3..@.O.8.O.|O.w
0x004ff208: 00000004 00000000 00000002 4c3a7f7e ............~.:L
0x004ff218: 0eb6dd38 004ff240 74bcc79f 00000014 8...@.O....t....
0x004ff228: 00000000 00000001 004ff268 00000000 ........h.O.....
0x004ff238: 0eb6dd38 006eb8d8 004ff274 69672069 8.....n.t.O.i gi
0x004ff248: 696711e8 00000000 00000014 00000000 ..gi............
0x004ff258: 00000001 004ff268 00000000 00000000 ....h.O.........
0x004ff268: 696711f8 00000000 80004002 004ff3a0 ..gi.....@....O.
0x004ff278: 696723e3 004ff2c8 00000001 00000000 .#gi..O.........
0x004ff288: 2e517b25 0eb6dd38 0eb6dd38 0ee7000c %{Q.8...8.......
0x004ff298: 00000000 00000000 00000000 00000000 ................
0x004ff2a8: 00000000 00000000 00000000 00000000 ................
0x004ff2b8: 00000000 00000000 dc12a687 11cf737f .............s..
0x004ff2c8: 00000000 0c759ac8 004ff2f4 00000000 ......u...O.....
0x004ff2d8: 00000000 00000000 00000001 00000000 ................
0x004ff2e8: 004ff2b0 696711d0 77adfc7a 00000009 ..O...giz..w....
0x004ff2f8: 00000000 0c704e68 00000000 00000003 ....hNp.........
0x004ff308: 00000000 00000000 77adfd52 004ff328 ........R..w(.O.
0x004ff318: 004ff4a8 00000000 77adfd34 4590f811 ..O.....4..w...E
0x004ff328: 00000000 006e0000 00000002 0c704e68 ......n.....hNp.
0x004ff338: 00000000 00000000 696711d0 0c759ac8 ..........gi..u.
0x004ff348: 00000000 0c704e68 00000000 00000001 ....hNp.........
0x004ff358: 0000000d 00000000 00120000 00120000 ................
0x004ff368: 0c759ac8 0eb6dd38 000100f4 00000000 ..u.8...........
0x004ff378: 00123a2c 00000000 001201c4 00000000 ,:..............
0x004ff388: 00123a28 77ac8b49 2e517b25 004ff414 (:..I..w%{Q...O.
0x004ff398: 69673f42 00000005 004ff3d0 69671ba9 B?gi......O...gi
0x004ff3a8: 0ee7000c 00000000 00000000 00000000 ................
0x004ff3b8: 00000000 00000000 00000000 004ff4a8 ..............O.
0x004ff3c8: 69673de0 0eb6dd38 004ff420 69672a1f .=gi8... .O..*gi
0x004ff3d8: 0ee7000c 00000000 00000000 00000000 ................
0x004ff3e8: 00000000 00000000 00000000 004ff4a8 ..............O.
0x004ff3f8: 2e517ca5 004ff4a8 0c759a68 00000000 .|Q...O.h.u.....
0x004ff408: 0eb6dd38 00000000 2e517ca5 004ffaa0 8........|Q...O.
0x004ff418: 69673f83 ffffffff 004ff460 010f3bb2 .?gi....`.O..;..
0x004ff428: 0c759a68 0ee7000c 00000000 00000000 h.u.............
0x004ff438: 00000000 00000000 00000000 00000000 ................
0x004ff448: 004ff4a8 0000000f 00000000 00000010 ..O.............
0x004ff458: 035aeb00 0c759a68 004ff4ac 010f5baa ..Z.h.u...O..[..
0x004ff468: 0434ebb0 00000000 035f3520 035f3520 ..4..... 5_. 5_.
0x004ff478: 01feef80 00000000 004ff494 010e6b04 ..........O..k..
0x004ff488: 035f3520 00000000 0434ebb0 004ff4a4  5_.......4...O.
0x004ff498: 010e6bc2 00000000 0000000f 004ff5a0 .k............O.
0x004ff4a8: 00000000 004ff5a0 015d2895 00000010 ......O..(].....
0x004ff4b8: 0434ebb0 00000000 004ff4d8 010e53f5 ..4.......O..S..
0x004ff4c8: 035f3460 00000010 00000010 01feef80 `4_.............
0x004ff4d8: 004ff510 342e3575 3166312e 00000000 ..O.u5.4.1f1....
0x004ff4e8: 0000002f 00000008 0000000f 00000030 /...........0...
0x004ff4f8: 035f3520 0000002f 004ff5ec 0000000f  5_./.....O.....
0x004ff508: 00000020 0000002f 004ff530 646e6957  .../...0.O.Wind
0x004ff518: 5073776f 6579616c 00000072 0000000d owsPlayer.......
0x004ff528: 0000000f 0000004b 035f3520 00fdf739 ....K... 5_.9...
0x004ff538: 00000030 00000010 00000020 0000002f 0....... .../...
0x004ff548: 01d7dea8 0000004b 004ff584 00fdfd96 ....K.....O.....
0x004ff558: 00000030 00000000 00000024 0434ebc0 0.......$.....4.
0x004ff568: 342e3500 3166312e 0434eb00 004ff560 .5.4.1f1..4.`.O.
0x004ff578: 00000000 0000000f 004ff5a0 035f3300 ..........O..3_.
0x004ff588: 035f3460 035de620 00000024 00000000 `4_. .].$.......
0x004ff598: 0000000f 00000000 004ff5a8 015d1d2a ..........O.*.].
0x004ff5a8: 004ff5b8 015d2467 00000001 0434ebb0 ..O.g$].......4.
0x004ff5b8: 004ff648 015d3a68 004ff5ec 00000001 H.O.h:]...O.....
0x004ff5c8: 0434ebb0 0004702d 747bf100 01e63cb8 ..4.-p....{t.<..
0x004ff5d8: 016b9799 0000000a 00000000 0000000f ..k.............
0x004ff5e8: 00000022 035de620 0434eb58 00000000 "... .].X.4.....
0x004ff5f8: 01f7e4e8 00000024 0000002f 0128e300 ....$.../.....(.
0x004ff608: 00000000 00000000 00000005 00000000 ................
0x004ff618: 00000000 0000000f c5682826 035de650 ........&(h.P.].
0x004ff628: 00000000 004ff6a1 00000010 00000024 ......O.....$...
0x004ff638: 0000002f 01f7e5c4 0434ebb0 004ff658 /.........4.X.O.
0x004ff648: 004ff658 015d3b55 00000000 01fa85f0 X.O.U;].........
0x004ff658: 004ff674 015d3bcf 00000001 e6aa2df7 t.O..;]......-..
0x004ff668: 66aa2df7 0004702d 00000000 004ff6a8 .-.f-p........O.
0x004ff678: 015d0db5 0434ebb0 00000001 e6aa2df7 ..]...4......-..
0x004ff688: 66aa2df7 0004702d 00000000 01e21e4d .-.f-p......M...
0x004ff698: 0434eb58 00000000 01fa85f0 00000000 X.4.............
0x004ff6a8: 004ff710 015d1984 00000001 e6aa2df7 ..O...]......-..
0x004ff6b8: 66aa2df7 0004702d 00000000 00000002 .-.f-p..........
0x004ff6c8: 00000003 01fa52d0 035de600 035eacd0 .....R....]...^.
0x004ff6d8: 035c23b0 004ff74c 00000000 0000000f .#\.L.O.........
0x004ff6e8: 00000002 035de650 004ff6e0 004ffaa0 ....P.]...O...O.
0x004ff6f8: 00000000 00000024 0000002f 004ff720 ....$.../... .O.
0x004ff708: c5688e3a 00000000 004ff71c 015d1ada :.h.......O...].
0x004ff718: 00000001 004ff744 0121f8a0 0434eb58 ....D.O...!.X.4.
0x004ff728: ffffffbc 03d1af60 00000002 03d1af60 ....`.......`...
0x004ff738: 035bfa01 03d1aed0 01fa52ac 004ff7ac ..[......R....O.
0x004ff748: 012205cf ffffffbc 03d1af60 00000002 ..".....`.......
0x004ff758: 035bfab0 03d1aed0 035bfa01 035eab70 ..[.......[.p.^.
0x004ff768: 035eab70 00000000 03d1af24 004ff788 p.^.....$.....O.
0x004ff778: 035eab90 00000000 035eab70 00000000 ..^.....p.^.....
0x004ff788: 004ff798 010e6b60 035eab70 00000008 ..O.`k..p.^.....

Module 1
C:\Users\Alex\Google Drive\Fishing Moon\App\Fishing Moon.exe
Image Base: 0x00fd0000  Image Size: 0x011b8000
File Size:  17729536    File Time:  2016-09-01_033248
Version:
   Company:    
   Product:    
   FileDesc:   
   FileVer:    5.4.1.40776
   ProdVer:    5.4.1.40776

Module 2
C:\WINDOWS\SYSTEM32\xinput1_3.dll
Image Base: 0x00400000  Image Size: 0x00016000
File Size:  81768       File Time:  2007-04-04_185342
Version:
   Company:    Microsoft Corporation
   Product:    Microsoft® DirectX for Windows®
   FileDesc:   Microsoft Common Controller API
   FileVer:    9.18.944.0
   ProdVer:    9.18.944.0

Module 3
C:\Users\Alex\Google Drive\Fishing Moon\App\Fishing Moon_Data\Mono\mono.dll
Image Base: 0x10000000  Image Size: 0x00230000
File Size:  2113496     File Time:  2016-09-01_033800
Version:
   Company:    Unity Technologies
   Product:    libmono
   FileDesc:   Unity Technologies fork of mono runtime
   FileVer:    1.0.0.1
   ProdVer:    1.0.0.1

Module 4
C:\WINDOWS\SYSTEM32\wdmaud.drv
Image Base: 0x651a0000  Image Size: 0x00039000
File Size:  207360      File Time:  2016-07-16_044250
Version:
   Company:    Microsoft Corporation
   Product:    Microsoft® Windows® Operating System
   FileDesc:   Winmm  audio system driver
   FileVer:    10.0.14393.0
   ProdVer:    10.0.14393.0

Module 5
C:\WINDOWS\system32\wbem\fastprox.dll
Image Base: 0x69520000  Image Size: 0x000c2000
File Size:  779776      File Time:  2016-07-16_044258
Version:
   Company:    Microsoft Corporation
   Product:    Microsoft® Windows® Operating System
   FileDesc:   WMI Custom Marshaller
   FileVer:    10.0.14393.0
   ProdVer:    10.0.14393.0

Module 6
C:\WINDOWS\system32\wbem\wbemsvc.dll
Image Base: 0x695f0000  Image Size: 0x00010000
File Size:  48640       File Time:  2016-07-16_044258
Version:
   Company:    Microsoft Corporation
   Product:    Microsoft® Windows® Operating System
   FileDesc:   WMI
   FileVer:    10.0.14393.0
   ProdVer:    10.0.14393.0

Module 7
C:\WINDOWS\SYSTEM32\wbemcomn.dll
Image Base: 0x69600000  Image Size: 0x00067000
File Size:  391168      File Time:  2016-07-16_044258
Version:
   Company:    Microsoft Corporation
   Product:    Microsoft® Windows® Operating System
   FileDesc:   WMI
   FileVer:    10.0.14393.0
   ProdVer:    10.0.14393.0

Module 8
C:\WINDOWS\system32\wbem\wbemprox.dll
Image Base: 0x69670000  Image Size: 0x0000d000
File Size:  35328       File Time:  2016-07-16_044258
Version:
   Company:    Microsoft Corporation
   Product:    Microsoft® Windows® Operating System
   FileDesc:   WMI
   FileVer:    10.0.14393.0
   ProdVer:    10.0.14393.0

Module 9
C:\WINDOWS\SYSTEM32\midimap.dll
Image Base: 0x69680000  Image Size: 0x00008000
File Size:  18944       File Time:  2016-07-16_044250
Version:
   Company:    Microsoft Corporation
   Product:    Microsoft® Windows® Operating System
   FileDesc:   Microsoft MIDI Mapper
   FileVer:    10.0.14393.0
   ProdVer:    10.0.14393.0

Module 10
C:\WINDOWS\SYSTEM32\OPENGL32.dll
Image Base: 0x696c0000  Image Size: 0x000e0000
File Size:  786944      File Time:  2016-07-16_044306
Version:
   Company:    Microsoft Corporation
   Product:    Microsoft® Windows® Operating System
   FileDesc:   OpenGL Client DLL
   FileVer:    10.0.14393.0
   ProdVer:    10.0.14393.0

Module 11
C:\WINDOWS\SYSTEM32\ksuser.dll
Image Base: 0x69ab0000  Image Size: 0x00007000
File Size:  20672       File Time:  2016-07-16_044250
Version:
   Company:    Microsoft Corporation
   Product:    Microsoft® Windows® Operating System
   FileDesc:   User CSA Library
   FileVer:    10.0.14393.0
   ProdVer:    10.0.14393.0

Module 12
C:\WINDOWS\SYSTEM32\ntmarta.dll
Image Base: 0x69ba0000  Image Size: 0x00028000
File Size:  154432      File Time:  2016-07-16_044256
Version:
   Company:    Microsoft Corporation
   Product:    Microsoft® Windows® Operating System
   FileDesc:   Windows NT MARTA provider
   FileVer:    10.0.14393.0
   ProdVer:    10.0.14393.0

Module 13
C:\WINDOWS\SYSTEM32\AVRT.dll
Image Base: 0x6a350000  Image Size: 0x00009000
File Size:  29448       File Time:  2016-07-16_044250
Version:
   Company:    Microsoft Corporation
   Product:    Microsoft® Windows® Operating System
   FileDesc:   Multimedia Realtime Runtime
   FileVer:    10.0.14393.0
   ProdVer:    10.0.14393.0

Module 14
C:\WINDOWS\SYSTEM32\MSACM32.dll
Image Base: 0x6a360000  Image Size: 0x00018000
File Size:  90912       File Time:  2016-07-16_044250
Version:
   Company:    Microsoft Corporation
   Product:    Microsoft® Windows® Operating System
   FileDesc:   Microsoft ACM Audio Filter
   FileVer:    10.0.14393.0
   ProdVer:    10.0.14393.0

Module 15
C:\WINDOWS\SYSTEM32\HID.DLL
Image Base: 0x6a760000  Image Size: 0x0000a000
File Size:  25600       File Time:  2016-07-16_044250
Version:
   Company:    Microsoft Corporation
   Product:    Microsoft® Windows® Operating System
   FileDesc:   Hid User Library
   FileVer:    10.0.14393.0
   ProdVer:    10.0.14393.0

Module 16
C:\WINDOWS\SYSTEM32\igdusc32.dll
Image Base: 0x6cb70000  Image Size: 0x008a2000
File Size:  4921272     File Time:  2015-10-13_094912
Version:
   Company:    Intel Corporation
   Product:    Intel HD Graphics Drivers for Windows 8(R)
   FileDesc:   Unified Shader Compiler for Intel(R) Graphics Accelerator
   FileVer:    20.19.15.4300
   ProdVer:    20.19.15.4300

Module 17
C:\WINDOWS\SYSTEM32\igd10iumd32.dll
Image Base: 0x6d420000  Image Size: 0x00aa4000
File Size:  11284640    File Time:  2015-10-13_094658
Version:
   Company:    Intel Corporation
   Product:    Intel HD Graphics Drivers for Windows 8(R)
   FileDesc:   User Mode Driver for Intel(R) Graphics Technology
   FileVer:    20.19.15.4300
   ProdVer:    20.19.15.4300

Module 18
C:\WINDOWS\System32\MMDevApi.dll
Image Base: 0x6ec90000  Image Size: 0x00058000
File Size:  352768      File Time:  2016-07-16_044250
Version:
   Company:    Microsoft Corporation
   Product:    Microsoft® Windows® Operating System
   FileDesc:   MMDevice API
   FileVer:    10.0.14393.0
   ProdVer:    10.0.14393.0

Module 19
C:\WINDOWS\SYSTEM32\wintypes.dll
Image Base: 0x6ecf0000  Image Size: 0x000cf000
File Size:  846560      File Time:  2016-09-15_102056
Version:
   Company:    Microsoft Corporation
   Product:    Microsoft® Windows® Operating System
   FileDesc:   Windows Base Types DLL
   FileVer:    10.0.14393.206
   ProdVer:    10.0.14393.206

Module 20
C:\WINDOWS\SYSTEM32\AUDIOSES.DLL
Image Base: 0x6edc0000  Image Size: 0x0007b000
File Size:  484584      File Time:  2016-09-15_111442
Version:
   Company:    Microsoft Corporation
   Product:    Microsoft® Windows® Operating System
   FileDesc:   Audio Session
   FileVer:    10.0.14393.206
   ProdVer:    10.0.14393.206

Module 21
C:\WINDOWS\System32\DEVOBJ.dll
Image Base: 0x6ee40000  Image Size: 0x00022000
File Size:  132232      File Time:  2016-07-16_044256
Version:
   Company:    Microsoft Corporation
   Product:    Microsoft® Windows® Operating System
   FileDesc:   Device Information Set DLL
   FileVer:    10.0.14393.0
   ProdVer:    10.0.14393.0

Module 22
C:\WINDOWS\SYSTEM32\dhcpcsvc.DLL
Image Base: 0x6eff0000  Image Size: 0x00014000
File Size:  63488       File Time:  2016-07-16_044256
Version:
   Company:    Microsoft Corporation
   Product:    Microsoft® Windows® Operating System
   FileDesc:   DHCP Client Service
   FileVer:    10.0.14393.0
   ProdVer:    10.0.14393.0

Module 23
C:\WINDOWS\SYSTEM32\dhcpcsvc6.DLL
Image Base: 0x6f010000  Image Size: 0x00013000
File Size:  57344       File Time:  2016-07-16_044256
Version:
   Company:    Microsoft Corporation
   Product:    Microsoft® Windows® Operating System
   FileDesc:   DHCPv6 Client
   FileVer:    10.0.14393.0
   ProdVer:    10.0.14393.0

Module 24
C:\WINDOWS\system32\rsaenh.dll
Image Base: 0x6f060000  Image Size: 0x0002f000
File Size:  184416      File Time:  2016-07-16_044256
Version:
   Company:    Microsoft Corporation
   Product:    Microsoft® Windows® Operating System
   FileDesc:   Microsoft Enhanced Cryptographic Provider
   FileVer:    10.0.14393.0
   ProdVer:    10.0.14393.0

Module 25
C:\WINDOWS\SYSTEM32\NTASN1.dll
Image Base: 0x6f0a0000  Image Size: 0x0002b000
File Size:  173008      File Time:  2016-07-16_044256
Version:
   Company:    Microsoft Corporation
   Product:    Microsoft® Windows® Operating System
   FileDesc:   Microsoft ASN.1 API
   FileVer:    10.0.14393.0
   ProdVer:    10.0.14393.0

Module 26
C:\WINDOWS\SYSTEM32\ncrypt.dll
Image Base: 0x6f0d0000  Image Size: 0x00020000
File Size:  120384      File Time:  2016-07-16_044256
Version:
   Company:    Microsoft Corporation
   Product:    Microsoft® Windows® Operating System
   FileDesc:   Windows NCrypt Router
   FileVer:    10.0.14393.0
   ProdVer:    10.0.14393.0

Module 27
C:\WINDOWS\System32\fwpuclnt.dll
Image Base: 0x6f180000  Image Size: 0x00049000
File Size:  279040      File Time:  2016-07-16_044256
Version:
   Company:    Microsoft Corporation
   Product:    Microsoft® Windows® Operating System
   FileDesc:   FWP/IPsec User-Mode API
   FileVer:    10.0.14393.0
   ProdVer:    10.0.14393.0

Module 28
C:\WINDOWS\SYSTEM32\WINMMBASE.dll
Image Base: 0x70190000  Image Size: 0x00023000
File Size:  131208      File Time:  2016-07-16_044250
Version:
   Company:    Microsoft Corporation
   Product:    Microsoft® Windows® Operating System
   FileDesc:   Base Multimedia Extension API DLL
   FileVer:    10.0.14393.0
   ProdVer:    10.0.14393.0

Module 29
C:\WINDOWS\SYSTEM32\WINMM.dll
Image Base: 0x70230000  Image Size: 0x00024000
File Size:  135376      File Time:  2016-07-16_044250
Version:
   Company:    Microsoft Corporation
   Product:    Microsoft® Windows® Operating System
   FileDesc:   MCI API DLL
   FileVer:    10.0.14393.0
   ProdVer:    10.0.14393.0

Module 30
C:\WINDOWS\SYSTEM32\dbghelp.dll
Image Base: 0x70280000  Image Size: 0x00145000
File Size:  1220608     File Time:  2016-07-16_044258
Version:
   Company:    Microsoft
   Product:    Microsoft® Windows® Operating System
   FileDesc:   Windows Image Helper
   FileVer:    10.0.14321.1024
   ProdVer:    10.0.14321.1024

Module 31
C:\WINDOWS\SYSTEM32\msacm32.drv
Image Base: 0x70420000  Image Size: 0x0000a000
File Size:  24576       File Time:  2016-07-16_044250
Version:
   Company:    Microsoft Corporation
   Product:    Microsoft® Windows® Operating System
   FileDesc:   Microsoft Sound Mapper
   FileVer:    10.0.14393.0
   ProdVer:    10.0.14393.0

Module 32
C:\WINDOWS\SYSTEM32\GLU32.dll
Image Base: 0x70440000  Image Size: 0x00025000
File Size:  141312      File Time:  2016-07-16_044306
Version:
   Company:    Microsoft Corporation
   Product:    Microsoft® Windows® Operating System
   FileDesc:   OpenGL Utility Library DLL
   FileVer:    10.0.14393.0
   ProdVer:    10.0.14393.0

Module 33
C:\WINDOWS\SYSTEM32\CRYPTSP.dll
Image Base: 0x70d90000  Image Size: 0x00013000
File Size:  68720       File Time:  2016-07-16_044256
Version:
   Company:    Microsoft Corporation
   Product:    Microsoft® Windows® Operating System
   FileDesc:   Cryptographic Service Provider API
   FileVer:    10.0.14393.0
   ProdVer:    10.0.14393.0

Module 34
C:\Windows\System32\rasadhlp.dll
Image Base: 0x70f60000  Image Size: 0x00008000
File Size:  13312       File Time:  2016-07-16_044302
Version:
   Company:    Microsoft Corporation
   Product:    Microsoft® Windows® Operating System
   FileDesc:   Remote Access AutoDial Helper
   FileVer:    10.0.14393.0
   ProdVer:    10.0.14393.0

Module 35
C:\WINDOWS\System32\PROPSYS.dll
Image Base: 0x72310000  Image Size: 0x0014f000
File Size:  1375456     File Time:  2016-07-16_044256
Version:
   Company:    Microsoft Corporation
   Product:    Windows® Search
   FileDesc:   Microsoft Property System
   FileVer:    7.0.14393.0
   ProdVer:    7.0.14393.0

Module 36
C:\WINDOWS\SYSTEM32\DNSAPI.dll
Image Base: 0x72460000  Image Size: 0x0007c000
File Size:  496872      File Time:  2016-09-15_103716
Version:
   Company:    Microsoft Corporation
   Product:    Microsoft® Windows® Operating System
   FileDesc:   DNS Client API DLL
   FileVer:    10.0.14393.206
   ProdVer:    10.0.14393.206

Module 37
C:\WINDOWS\SYSTEM32\MSWSOCK.dll
Image Base: 0x724f0000  Image Size: 0x0004e000
File Size:  306016      File Time:  2016-07-16_044256
Version:
   Company:    Microsoft Corporation
   Product:    Microsoft® Windows® Operating System
   FileDesc:   Microsoft Windows Sockets 2.0 Service Provider
   FileVer:    10.0.14393.0
   ProdVer:    10.0.14393.0

Module 38
C:\WINDOWS\SYSTEM32\WINHTTP.dll
Image Base: 0x72540000  Image Size: 0x0009f000
File Size:  631808      File Time:  2016-07-16_044256
Version:
   Company:    Microsoft Corporation
   Product:    Microsoft® Windows® Operating System
   FileDesc:   Windows HTTP Services
   FileVer:    10.0.14393.0
   ProdVer:    10.0.14393.0

Module 39
C:\WINDOWS\SYSTEM32\IPHLPAPI.DLL
Image Base: 0x725e0000  Image Size: 0x0002f000
File Size:  184416      File Time:  2016-07-16_044256
Version:
   Company:    Microsoft Corporation
   Product:    Microsoft® Windows® Operating System
   FileDesc:   IP Helper API
   FileVer:    10.0.14393.0
   ProdVer:    10.0.14393.0

Module 40
C:\WINDOWS\SYSTEM32\dxgi.dll
Image Base: 0x72620000  Image Size: 0x00084000
File Size:  527880      File Time:  2016-07-16_044250
Version:
   Company:    Microsoft Corporation
   Product:    Microsoft® Windows® Operating System
   FileDesc:   DirectX Graphics Infrastructure
   FileVer:    10.0.14393.0
   ProdVer:    10.0.14393.0

Module 41
C:\WINDOWS\SYSTEM32\d3d11.dll
Image Base: 0x726b0000  Image Size: 0x00230000
File Size:  2277800     File Time:  2016-07-16_044250
Version:
   Company:    Microsoft Corporation
   Product:    Microsoft® Windows® Operating System
   FileDesc:   Direct3D 11 Runtime
   FileVer:    10.0.14393.0
   ProdVer:    10.0.14393.0

Module 42
C:\WINDOWS\WinSxS\x86_microsoft.windows.common-controls_6595b64144ccf1df_6.0.14393.0_none_74bc87d3d22d9abe\comctl32.dll
Image Base: 0x72a50000  Image Size: 0x0020a000
File Size:  2121568     File Time:  2016-07-16_044306
Version:
   Company:    Microsoft Corporation
   Product:    Microsoft® Windows® Operating System
   FileDesc:   User Experience Controls Library
   FileVer:    6.10.14393.0
   ProdVer:    10.0.14393.0

Module 43
C:\WINDOWS\SYSTEM32\twinapi.appcore.dll
Image Base: 0x73840000  Image Size: 0x000f1000
File Size:  975744      File Time:  2016-09-15_102238
Version:
   Company:    Microsoft Corporation
   Product:    Microsoft® Windows® Operating System
   FileDesc:   twinapi.appcore
   FileVer:    10.0.14393.206
   ProdVer:    10.0.14393.206

Module 44
C:\WINDOWS\SYSTEM32\twinapi.dll
Image Base: 0x73940000  Image Size: 0x0006c000
File Size:  422400      File Time:  2016-07-16_044306
Version:
   Company:    Microsoft Corporation
   Product:    Microsoft® Windows® Operating System
   FileDesc:   twinapi
   FileVer:    10.0.14393.0
   ProdVer:    10.0.14393.0

Module 45
C:\Windows\System32\OLEACC.dll
Image Base: 0x739b0000  Image Size: 0x00054000
File Size:  325120      File Time:  2016-09-15_095520
Version:
   Company:    Microsoft Corporation
   Product:    Microsoft® Windows® Operating System
   FileDesc:   Active Accessibility Core Component
   FileVer:    7.2.14393.206
   ProdVer:    10.0.14393.206

Module 46
C:\Program Files (x86)\Common Files\Microsoft Shared\Ink\tiptsf.dll
Image Base: 0x73a10000  Image Size: 0x0007b000
File Size:  491872      File Time:  2016-09-15_101812
Version:
   Company:    Microsoft Corporation
   Product:    Microsoft® Windows® Operating System
   FileDesc:   Touch Keyboard and Handwriting Panel Text Services Framework
   FileVer:    10.0.14393.206
   ProdVer:    10.0.14393.206

Module 47
C:\WINDOWS\SYSTEM32\bcrypt.dll
Image Base: 0x73aa0000  Image Size: 0x0001b000
File Size:  106896      File Time:  2016-07-16_044256
Version:
   Company:    Microsoft Corporation
   Product:    Microsoft® Windows® Operating System
   FileDesc:   Windows Cryptographic Primitives Library
   FileVer:    10.0.14393.0
   ProdVer:    10.0.14393.0

Module 48
C:\WINDOWS\SYSTEM32\sxs.dll
Image Base: 0x73ac0000  Image Size: 0x00081000
File Size:  524776      File Time:  2016-07-16_044258
Version:
   Company:    Microsoft Corporation
   Product:    Microsoft® Windows® Operating System
   FileDesc:   Fusion 2.5
   FileVer:    10.0.14393.0
   ProdVer:    10.0.14393.0

Module 49
C:\Windows\System32\USERENV.dll
Image Base: 0x73b50000  Image Size: 0x0001a000
File Size:  94568       File Time:  2016-07-16_044256
Version:
   Company:    Microsoft Corporation
   Product:    Microsoft® Windows® Operating System
   FileDesc:   Userenv
   FileVer:    10.0.14393.0
   ProdVer:    10.0.14393.0

Module 50
C:\Windows\System32\uiautomationcore.dll
Image Base: 0x73b70000  Image Size: 0x00152000
File Size:  1358336     File Time:  2016-09-15_095220
Version:
   Company:    Microsoft Corporation
   Product:    Microsoft® Windows® Operating System
   FileDesc:   Microsoft UI Automation Core
   FileVer:    7.2.14393.206
   ProdVer:    10.0.14393.206

Module 51
C:\WINDOWS\system32\dwmapi.dll
Image Base: 0x73cd0000  Image Size: 0x0001f000
File Size:  113504      File Time:  2016-09-15_101352
Version:
   Company:    Microsoft Corporation
   Product:    Microsoft® Windows® Operating System
   FileDesc:   Microsoft Desktop Window Manager API
   FileVer:    10.0.14393.206
   ProdVer:    10.0.14393.206

Module 52
C:\WINDOWS\system32\uxtheme.dll
Image Base: 0x73cf0000  Image Size: 0x00075000
File Size:  457728      File Time:  2016-07-16_044306
Version:
   Company:    Microsoft Corporation
   Product:    Microsoft® Windows® Operating System
   FileDesc:   Microsoft UxTheme Library
   FileVer:    10.0.14393.0
   ProdVer:    10.0.14393.0

Module 53
C:\WINDOWS\SYSTEM32\DCIMAN32.dll
Image Base: 0x74160000  Image Size: 0x00007000
File Size:  11776       File Time:  2016-07-16_044250
Version:
   Company:    Microsoft Corporation
   Product:    Microsoft® Windows® Operating System
   FileDesc:   DCI Manager
   FileVer:    10.0.14393.0
   ProdVer:    10.0.14393.0

Module 54
C:\WINDOWS\SYSTEM32\VERSION.dll
Image Base: 0x74450000  Image Size: 0x00008000
File Size:  27360       File Time:  2016-07-16_044306
Version:
   Company:    Microsoft Corporation
   Product:    Microsoft® Windows® Operating System
   FileDesc:   Version Checking and File Installation Libraries
   FileVer:    10.0.14393.0
   ProdVer:    10.0.14393.0

Module 55
C:\WINDOWS\SYSTEM32\DDRAW.dll
Image Base: 0x74460000  Image Size: 0x000ed000
File Size:  547840      File Time:  2016-07-16_044306
Version:
   Company:    Microsoft Corporation
   Product:    Microsoft® Windows® Operating System
   FileDesc:   Microsoft DirectDraw
   FileVer:    10.0.14393.0
   ProdVer:    10.0.14393.0

Module 56
C:\WINDOWS\System32\CRYPTBASE.dll
Image Base: 0x74550000  Image Size: 0x0000a000
File Size:  31528       File Time:  2016-07-16_044250
Version:
   Company:    Microsoft Corporation
   Product:    Microsoft® Windows® Operating System
   FileDesc:   Base cryptographic API DLL
   FileVer:    10.0.14393.0
   ProdVer:    10.0.14393.0

Module 57
C:\WINDOWS\System32\SspiCli.dll
Image Base: 0x74560000  Image Size: 0x0001e000
File Size:  117240      File Time:  2016-09-06_220758
Version:
   Company:    Microsoft Corporation
   Product:    Microsoft® Windows® Operating System
   FileDesc:   Security Support Provider Interface
   FileVer:    10.0.14393.187
   ProdVer:    10.0.14393.187

Module 58
C:\WINDOWS\System32\GDI32.dll
Image Base: 0x74580000  Image Size: 0x0002b000
File Size:  170960      File Time:  2016-09-15_102320
Version:
   Company:    Microsoft Corporation
   Product:    Microsoft® Windows® Operating System
   FileDesc:   GDI Client DLL
   FileVer:    10.0.14393.206
   ProdVer:    10.0.14393.206

Module 59
C:\WINDOWS\System32\ucrtbase.dll
Image Base: 0x745b0000  Image Size: 0x000e0000
File Size:  918304      File Time:  2016-07-16_044256
Version:
   Company:    Microsoft Corporation
   Product:    Microsoft® Windows® Operating System
   FileDesc:   Microsoft® C Runtime Library
   FileVer:    10.0.14393.0
   ProdVer:    10.0.14393.0

Module 60
C:\WINDOWS\System32\bcryptPrimitives.dll
Image Base: 0x74690000  Image Size: 0x0005a000
File Size:  367208      File Time:  2016-07-16_044228
Version:
   Company:    Microsoft Corporation
   Product:    Microsoft® Windows® Operating System
   FileDesc:   Windows Cryptographic Primitives Library
   FileVer:    10.0.14393.0
   ProdVer:    10.0.14393.0

Module 61
C:\WINDOWS\System32\KERNELBASE.dll
Image Base: 0x746f0000  Image Size: 0x001a1000
File Size:  1705976     File Time:  2016-10-05_030326
Version:
   Company:    Microsoft Corporation
   Product:    Microsoft® Windows® Operating System
   FileDesc:   Windows NT BASE API Client DLL
   FileVer:    10.0.14393.321
   ProdVer:    10.0.14393.321

Module 62
C:\WINDOWS\System32\win32u.dll
Image Base: 0x748a0000  Image Size: 0x00015000
File Size:  79536       File Time:  2016-08-01_214722
Version:
   Company:    Microsoft Corporation
   Product:    Microsoft® Windows® Operating System
   FileDesc:   Win32u
   FileVer:    10.0.14393.51
   ProdVer:    10.0.14393.51

Module 63
C:\WINDOWS\System32\SHLWAPI.dll
Image Base: 0x748c0000  Image Size: 0x00046000
File Size:  284056      File Time:  2016-07-16_044304
Version:
   Company:    Microsoft Corporation
   Product:    Microsoft® Windows® Operating System
   FileDesc:   Shell Light-weight Utility Library
   FileVer:    10.0.14393.0
   ProdVer:    10.0.14393.0

Module 64
C:\WINDOWS\System32\cfgmgr32.dll
Image Base: 0x74aa0000  Image Size: 0x00036000
File Size:  213848      File Time:  2016-07-16_044256
Version:
   Company:    Microsoft Corporation
   Product:    Microsoft® Windows® Operating System
   FileDesc:   Configuration Manager DLL
   FileVer:    10.0.14393.0
   ProdVer:    10.0.14393.0

Module 65
C:\WINDOWS\System32\combase.dll
Image Base: 0x74ae0000  Image Size: 0x00211000
File Size:  2166232     File Time:  2016-09-06_221552
Version:
   Company:    Microsoft Corporation
   Product:    Microsoft® Windows® Operating System
   FileDesc:   Microsoft COM for Windows
   FileVer:    10.0.14393.187
   ProdVer:    10.0.14393.187

Module 66
C:\WINDOWS\System32\msvcp_win.dll
Image Base: 0x74d00000  Image Size: 0x0007b000
File Size:  498408      File Time:  2016-07-16_044256
Version:
   Company:    Microsoft Corporation
   Product:    Microsoft® Windows® Operating System
   FileDesc:   Microsoft® C Runtime Library
   FileVer:    10.0.14393.0
   ProdVer:    10.0.14393.0

Module 67
C:\WINDOWS\System32\powrprof.dll
Image Base: 0x74d80000  Image Size: 0x00045000
File Size:  275832      File Time:  2016-07-16_044256
Version:
   Company:    Microsoft Corporation
   Product:    Microsoft® Windows® Operating System
   FileDesc:   Power Profile Helper DLL
   FileVer:    10.0.14393.0
   ProdVer:    10.0.14393.0

Module 68
C:\WINDOWS\System32\ADVAPI32.dll
Image Base: 0x74dd0000  Image Size: 0x00077000
File Size:  482392      File Time:  2016-07-16_044250
Version:
   Company:    Microsoft Corporation
   Product:    Microsoft® Windows® Operating System
   FileDesc:   Advanced Windows 32 Base API
   FileVer:    10.0.14393.0
   ProdVer:    10.0.14393.0

Module 69
C:\WINDOWS\System32\WS2_32.dll
Image Base: 0x74e50000  Image Size: 0x00063000
File Size:  402352      File Time:  2016-09-15_103706
Version:
   Company:    Microsoft Corporation
   Product:    Microsoft® Windows® Operating System
   FileDesc:   Windows Socket 2.0 32-Bit DLL
   FileVer:    10.0.14393.206
   ProdVer:    10.0.14393.206

Module 70
C:\WINDOWS\System32\PSAPI.DLL
Image Base: 0x74ec0000  Image Size: 0x00006000
File Size:  17048       File Time:  2016-07-16_044246
Version:
   Company:    Microsoft Corporation
   Product:    Microsoft® Windows® Operating System
   FileDesc:   Process Status Helper
   FileVer:    10.0.14393.0
   ProdVer:    10.0.14393.0

Module 71
C:\WINDOWS\System32\windows.storage.dll
Image Base: 0x74ed0000  Image Size: 0x0056e000
File Size:  5722320     File Time:  2016-09-15_102242
Version:
   Company:    Microsoft Corporation
   Product:    Microsoft® Windows® Operating System
   FileDesc:   Microsoft WinRT Storage API
   FileVer:    10.0.14393.206
   ProdVer:    10.0.14393.206

Module 72
C:\WINDOWS\System32\IMM32.dll
Image Base: 0x75440000  Image Size: 0x00025000
File Size:  144632      File Time:  2016-07-16_044250
Version:
   Company:    Microsoft Corporation
   Product:    Microsoft® Windows® Operating System
   FileDesc:   Multi-User Windows IMM32 API Client DLL
   FileVer:    10.0.14393.0
   ProdVer:    10.0.14393.0

Module 73
C:\WINDOWS\System32\gdi32full.dll
Image Base: 0x75560000  Image Size: 0x0015b000
File Size:  1415752     File Time:  2016-09-15_101404
Version:
   Company:    Microsoft Corporation
   Product:    Microsoft® Windows® Operating System
   FileDesc:   GDI Client DLL
   FileVer:    10.0.14393.206
   ProdVer:    10.0.14393.206

Module 74
C:\WINDOWS\System32\profapi.dll
Image Base: 0x75730000  Image Size: 0x0000f000
File Size:  54752       File Time:  2016-07-16_044250
Version:
   Company:    Microsoft Corporation
   Product:    Microsoft® Windows® Operating System
   FileDesc:   User Profile Basic API
   FileVer:    10.0.14393.0
   ProdVer:    10.0.14393.0

Module 75
C:\WINDOWS\System32\clbcatq.dll
Image Base: 0x75740000  Image Size: 0x00084000
File Size:  528360      File Time:  2016-07-16_044248
Version:
   Company:    Microsoft Corporation
   Product:    Microsoft® Windows® Operating System
   FileDesc:   COM+ Configuration Catalog
   FileVer:    2001.12.10941.16384
   ProdVer:    10.0.14393.0

Module 76
C:\WINDOWS\System32\RPCRT4.dll
Image Base: 0x757d0000  Image Size: 0x000c1000
File Size:  790760      File Time:  2016-08-05_211746
Version:
   Company:    Microsoft Corporation
   Product:    Microsoft® Windows® Operating System
   FileDesc:   Remote Procedure Call Runtime
   FileVer:    10.0.14393.82
   ProdVer:    10.0.14393.82

Module 77
C:\WINDOWS\System32\shcore.dll
Image Base: 0x75990000  Image Size: 0x00088000
File Size:  549088      File Time:  2016-07-16_044244
Version:
   Company:    Microsoft Corporation
   Product:    Microsoft® Windows® Operating System
   FileDesc:   SHCORE
   FileVer:    10.0.14393.0
   ProdVer:    10.0.14393.0

Module 78
C:\WINDOWS\System32\kernel.appcore.dll
Image Base: 0x75a20000  Image Size: 0x0000d000
File Size:  43416       File Time:  2016-07-16_044256
Version:
   Company:    Microsoft Corporation
   Product:    Microsoft® Windows® Operating System
   FileDesc:   AppModel API Host
   FileVer:    10.0.14393.0
   ProdVer:    10.0.14393.0

Module 79
C:\WINDOWS\System32\NSI.dll
Image Base: 0x75a40000  Image Size: 0x00007000
File Size:  20152       File Time:  2016-07-16_044228
Version:
   Company:    Microsoft Corporation
   Product:    Microsoft® Windows® Operating System
   FileDesc:   NSI User-mode interface DLL
   FileVer:    10.0.14393.0
   ProdVer:    10.0.14393.0

Module 80
C:\WINDOWS\System32\OLEAUT32.dll
Image Base: 0x75a50000  Image Size: 0x00094000
File Size:  601200      File Time:  2016-09-06_223042
Version:
   Company:    Microsoft Corporation
   Product:    
   FileDesc:   
   FileVer:    10.0.14393.187
   ProdVer:    10.0.14393.187

Module 81
C:\WINDOWS\System32\ole32.dll
Image Base: 0x75af0000  Image Size: 0x000ea000
File Size:  959104      File Time:  2016-09-06_221304
Version:
   Company:    Microsoft Corporation
   Product:    Microsoft® Windows® Operating System
   FileDesc:   Microsoft OLE for Windows
   FileVer:    10.0.14393.187
   ProdVer:    10.0.14393.187

Module 82
C:\WINDOWS\System32\sechost.dll
Image Base: 0x75d60000  Image Size: 0x00041000
File Size:  255168      File Time:  2016-07-16_044250
Version:
   Company:    Microsoft Corporation
   Product:    Microsoft® Windows® Operating System
   FileDesc:   Host for SCM/SDDL/LSA Lookup APIs
   FileVer:    10.0.14393.0
   ProdVer:    10.0.14393.0

Module 83
C:\WINDOWS\System32\USER32.dll
Image Base: 0x75e10000  Image Size: 0x0015f000
File Size:  1435896     File Time:  2016-07-21_181158
Version:
   Company:    Microsoft Corporation
   Product:    Microsoft® Windows® Operating System
   FileDesc:   Multi-User Windows USER API Client DLL
   FileVer:    10.0.14393.5
   ProdVer:    10.0.14393.5

Module 84
C:\WINDOWS\System32\MSCTF.dll
Image Base: 0x75f70000  Image Size: 0x00136000
File Size:  1264912     File Time:  2016-09-15_101400
Version:
   Company:    Microsoft Corporation
   Product:    Microsoft® Windows® Operating System
   FileDesc:   MSCTF Server DLL
   FileVer:    10.0.14393.206
   ProdVer:    10.0.14393.206

Module 85
C:\WINDOWS\System32\KERNEL32.DLL
Image Base: 0x760b0000  Image Size: 0x000e0000
File Size:  616048      File Time:  2016-07-16_044246
Version:
   Company:    Microsoft Corporation
   Product:    Microsoft® Windows® Operating System
   FileDesc:   Windows NT BASE API Client DLL
   FileVer:    10.0.14393.0
   ProdVer:    10.0.14393.0

Module 86
C:\WINDOWS\System32\msvcrt.dll
Image Base: 0x76190000  Image Size: 0x000be000
File Size:  773168      File Time:  2016-07-16_044250
Version:
   Company:    Microsoft Corporation
   Product:    Microsoft® Windows® Operating System
   FileDesc:   Windows NT CRT DLL
   FileVer:    7.0.14393.0
   ProdVer:    10.0.14393.0

Module 87
C:\WINDOWS\System32\SETUPAPI.dll
Image Base: 0x762b0000  Image Size: 0x0040b000
File Size:  4268368     File Time:  2016-07-16_044246
Version:
   Company:    Microsoft Corporation
   Product:    Microsoft® Windows® Operating System
   FileDesc:   Windows Setup API
   FileVer:    10.0.14393.0
   ProdVer:    10.0.14393.0

Module 88
C:\WINDOWS\System32\SHELL32.dll
Image Base: 0x766c0000  Image Size: 0x013d7000
File Size:  20965240    File Time:  2016-10-05_024544
Version:
   Company:    Microsoft Corporation
   Product:    Microsoft® Windows® Operating System
   FileDesc:   Windows Shell Common Dll
   FileVer:    10.0.14393.321
   ProdVer:    10.0.14393.321

Module 89
C:\WINDOWS\SYSTEM32\ntdll.dll
Image Base: 0x77aa0000  Image Size: 0x00182000
File Size:  1570680     File Time:  2016-09-15_103524
Version:
   Company:    Microsoft Corporation
   Product:    Microsoft® Windows® Operating System
   FileDesc:   NT Layer DLL
   FileVer:    10.0.14393.206
   ProdVer:    10.0.14393.206


== [end of error.log] ==
